[DEBUG][2016-07-15 12:53:18,458][org.mybatis.generator.internal.db.DatabaseIntrospector]Retrieving column information for table "role"
[DEBUG][2016-07-15 12:53:18,475][org.mybatis.generator.internal.db.DatabaseIntrospector]Found column "id", data type 4, in table "zhbj..role"
[DEBUG][2016-07-15 12:53:18,476][org.mybatis.generator.internal.db.DatabaseIntrospector]Found column "name", data type 12, in table "zhbj..role"
[DEBUG][2016-07-15 12:54:25,050][org.mybatis.generator.internal.db.DatabaseIntrospector]Retrieving column information for table "role"
[DEBUG][2016-07-15 12:54:25,068][org.mybatis.generator.internal.db.DatabaseIntrospector]Found column "id", data type 4, in table "zhbj..role"
[DEBUG][2016-07-15 12:54:25,068][org.mybatis.generator.internal.db.DatabaseIntrospector]Found column "name", data type 12, in table "zhbj..role"
[DEBUG][2016-07-18 16:45:16,338][org.mybatis.generator.internal.db.DatabaseIntrospector]Retrieving column information for table "MENUS"
[DEBUG][2016-07-18 16:45:16,541][org.mybatis.generator.internal.db.DatabaseIntrospector]Found column "ID", data type 12, in table "JDCG.MENUS"
[DEBUG][2016-07-18 18:15:44,464][org.mybatis.generator.internal.db.DatabaseIntrospector]Retrieving column information for table "USERS"
[DEBUG][2016-07-18 18:15:44,570][org.mybatis.generator.internal.db.DatabaseIntrospector]Found column "id", data type 12, in table "JDCG.USERS"
[DEBUG][2016-07-18 18:15:44,571][org.mybatis.generator.internal.db.DatabaseIntrospector]Found column "login_name", data type 12, in table "JDCG.USERS"
[DEBUG][2016-07-18 18:15:44,571][org.mybatis.generator.internal.db.DatabaseIntrospector]Found column "password", data type 12, in table "JDCG.USERS"
[DEBUG][2016-07-18 18:15:44,572][org.mybatis.generator.internal.db.DatabaseIntrospector]Found column "is_delete", data type 3, in table "JDCG.USERS"
[DEBUG][2016-07-18 18:15:44,573][org.mybatis.generator.internal.db.DatabaseIntrospector]Found column "create_date", data type 91, in table "JDCG.USERS"
[DEBUG][2016-07-18 18:15:44,573][org.mybatis.generator.internal.db.DatabaseIntrospector]Found column "rel_name", data type 12, in table "JDCG.USERS"
[DEBUG][2016-07-18 18:15:44,574][org.mybatis.generator.internal.db.DatabaseIntrospector]Found column "updat_date", data type 91, in table "JDCG.USERS"
[DEBUG][2016-07-18 18:15:44,575][org.mybatis.generator.internal.db.DatabaseIntrospector]Found column "creater", data type 12, in table "JDCG.USERS"
[DEBUG][2016-07-18 18:15:44,575][org.mybatis.generator.internal.db.DatabaseIntrospector]Found column "USR_ID", data type 12, in table "ZFCG.USERS"
[DEBUG][2016-07-18 18:15:44,576][org.mybatis.generator.internal.db.DatabaseIntrospector]Found column "USR_NAME", data type 12, in table "ZFCG.USERS"
[DEBUG][2016-07-18 18:15:44,577][org.mybatis.generator.internal.db.DatabaseIntrospector]Found column "USR_LOGINID", data type 12, in table "ZFCG.USERS"
[DEBUG][2016-07-18 18:15:44,577][org.mybatis.generator.internal.db.DatabaseIntrospector]Found column "USR_PWD", data type 12, in table "ZFCG.USERS"
[DEBUG][2016-07-18 18:15:44,578][org.mybatis.generator.internal.db.DatabaseIntrospector]Found column "USR_TYPE", data type 1, in table "ZFCG.USERS"
[DEBUG][2016-07-18 18:15:44,579][org.mybatis.generator.internal.db.DatabaseIntrospector]Found column "REL_ORG_NO", data type 12, in table "ZFCG.USERS"
[DEBUG][2016-07-18 18:15:44,580][org.mybatis.generator.internal.db.DatabaseIntrospector]Found column "USR_SEX", data type 1, in table "ZFCG.USERS"
[DEBUG][2016-07-18 18:15:44,582][org.mybatis.generator.internal.db.DatabaseIntrospector]Found column "USR_BTHDAY", data type 12, in table "ZFCG.USERS"
[DEBUG][2016-07-18 18:15:44,583][org.mybatis.generator.internal.db.DatabaseIntrospector]Found column "USR_NAT", data type 12, in table "ZFCG.USERS"
[DEBUG][2016-07-18 18:15:44,584][org.mybatis.generator.internal.db.DatabaseIntrospector]Found column "USR_PLC", data type 12, in table "ZFCG.USERS"
[DEBUG][2016-07-18 18:15:44,585][org.mybatis.generator.internal.db.DatabaseIntrospector]Found column "USR_CLT", data type 12, in table "ZFCG.USERS"
[DEBUG][2016-07-18 18:15:44,585][org.mybatis.generator.internal.db.DatabaseIntrospector]Found column "USR_CARD", data type 12, in table "ZFCG.USERS"
[DEBUG][2016-07-18 18:15:44,586][org.mybatis.generator.internal.db.DatabaseIntrospector]Found column "USR_MOBIL", data type 12, in table "ZFCG.USERS"
[DEBUG][2016-07-18 18:15:44,587][org.mybatis.generator.internal.db.DatabaseIntrospector]Found column "USR_EMAIL", data type 12, in table "ZFCG.USERS"
[DEBUG][2016-07-18 18:15:44,587][org.mybatis.generator.internal.db.DatabaseIntrospector]Found column "USR_FAX", data type 12, in table "ZFCG.USERS"
[DEBUG][2016-07-18 18:15:44,588][org.mybatis.generator.internal.db.DatabaseIntrospector]Found column "USR_UNITTEL", data type 12, in table "ZFCG.USERS"
[DEBUG][2016-07-18 18:15:44,589][org.mybatis.generator.internal.db.DatabaseIntrospector]Found column "USR_ADDR", data type 12, in table "ZFCG.USERS"
[DEBUG][2016-07-18 18:15:44,590][org.mybatis.generator.internal.db.DatabaseIntrospector]Found column "USR_ZIP", data type 1, in table "ZFCG.USERS"
[DEBUG][2016-07-18 18:15:44,590][org.mybatis.generator.internal.db.DatabaseIntrospector]Found column "USR_HOMETEL", data type 12, in table "ZFCG.USERS"
[DEBUG][2016-07-18 18:15:44,591][org.mybatis.generator.internal.db.DatabaseIntrospector]Found column "STOP_FLAG", data type 1, in table "ZFCG.USERS"
[DEBUG][2016-07-18 18:15:44,592][org.mybatis.generator.internal.db.DatabaseIntrospector]Found column "ADD_DATE", data type 12, in table "ZFCG.USERS"
[DEBUG][2016-07-18 18:15:44,592][org.mybatis.generator.internal.db.DatabaseIntrospector]Found column "UPD_NOTE", data type 12, in table "ZFCG.USERS"
[DEBUG][2016-07-18 18:15:44,593][org.mybatis.generator.internal.db.DatabaseIntrospector]Found column "USR_REMARK", data type 12, in table "ZFCG.USERS"
[DEBUG][2016-07-18 18:15:44,594][org.mybatis.generator.internal.db.DatabaseIntrospector]Found column "USR_DEPT", data type 12, in table "ZFCG.USERS"
[DEBUG][2016-07-18 18:15:44,594][org.mybatis.generator.internal.db.DatabaseIntrospector]Found column "USR_DUTY", data type 12, in table "ZFCG.USERS"
[DEBUG][2016-07-18 18:15:44,595][org.mybatis.generator.internal.db.DatabaseIntrospector]Found column "AREA_NO", data type 12, in table "ZFCG.USERS"
[DEBUG][2016-07-18 18:15:44,596][org.mybatis.generator.internal.db.DatabaseIntrospector]Found column "CA_ID", data type 12, in table "ZFCG.USERS"
[DEBUG][2016-07-18 18:15:44,596][org.mybatis.generator.internal.db.DatabaseIntrospector]Found column "SESSION_KEY", data type 12, in table "ZFCG.USERS"
[DEBUG][2016-07-18 19:33:48,041][org.mybatis.generator.internal.db.DatabaseIntrospector]Retrieving column information for table "USERS"
[DEBUG][2016-07-18 19:33:48,280][org.mybatis.generator.internal.db.DatabaseIntrospector]Found column "id", data type 12, in table "JDCG.USERS"
[DEBUG][2016-07-18 19:33:48,281][org.mybatis.generator.internal.db.DatabaseIntrospector]Found column "login_name", data type 12, in table "JDCG.USERS"
[DEBUG][2016-07-18 19:33:48,282][org.mybatis.generator.internal.db.DatabaseIntrospector]Found column "password", data type 12, in table "JDCG.USERS"
[DEBUG][2016-07-18 19:33:48,283][org.mybatis.generator.internal.db.DatabaseIntrospector]Found column "is_delete", data type 3, in table "JDCG.USERS"
[DEBUG][2016-07-18 19:33:48,284][org.mybatis.generator.internal.db.DatabaseIntrospector]Found column "create_date", data type 91, in table "JDCG.USERS"
[DEBUG][2016-07-18 19:33:48,285][org.mybatis.generator.internal.db.DatabaseIntrospector]Found column "rel_name", data type 12, in table "JDCG.USERS"
[DEBUG][2016-07-18 19:33:48,286][org.mybatis.generator.internal.db.DatabaseIntrospector]Found column "updat_date", data type 91, in table "JDCG.USERS"
[DEBUG][2016-07-18 19:33:48,287][org.mybatis.generator.internal.db.DatabaseIntrospector]Found column "creater", data type 12, in table "JDCG.USERS"
[DEBUG][2016-07-18 19:33:48,287][org.mybatis.generator.internal.db.DatabaseIntrospector]Found column "USR_ID", data type 12, in table "ZFCG.USERS"
[DEBUG][2016-07-18 19:33:48,288][org.mybatis.generator.internal.db.DatabaseIntrospector]Found column "USR_NAME", data type 12, in table "ZFCG.USERS"
[DEBUG][2016-07-18 19:33:48,289][org.mybatis.generator.internal.db.DatabaseIntrospector]Found column "USR_LOGINID", data type 12, in table "ZFCG.USERS"
[DEBUG][2016-07-18 19:33:48,290][org.mybatis.generator.internal.db.DatabaseIntrospector]Found column "USR_PWD", data type 12, in table "ZFCG.USERS"
[DEBUG][2016-07-18 19:33:48,291][org.mybatis.generator.internal.db.DatabaseIntrospector]Found column "USR_TYPE", data type 1, in table "ZFCG.USERS"
[DEBUG][2016-07-18 19:33:48,292][org.mybatis.generator.internal.db.DatabaseIntrospector]Found column "REL_ORG_NO", data type 12, in table "ZFCG.USERS"
[DEBUG][2016-07-18 19:33:48,292][org.mybatis.generator.internal.db.DatabaseIntrospector]Found column "USR_SEX", data type 1, in table "ZFCG.USERS"
[DEBUG][2016-07-18 19:33:48,295][org.mybatis.generator.internal.db.DatabaseIntrospector]Found column "USR_BTHDAY", data type 12, in table "ZFCG.USERS"
[DEBUG][2016-07-18 19:33:48,296][org.mybatis.generator.internal.db.DatabaseIntrospector]Found column "USR_NAT", data type 12, in table "ZFCG.USERS"
[DEBUG][2016-07-18 19:33:48,296][org.mybatis.generator.internal.db.DatabaseIntrospector]Found column "USR_PLC", data type 12, in table "ZFCG.USERS"
[DEBUG][2016-07-18 19:33:48,297][org.mybatis.generator.internal.db.DatabaseIntrospector]Found column "USR_CLT", data type 12, in table "ZFCG.USERS"
[DEBUG][2016-07-18 19:33:48,298][org.mybatis.generator.internal.db.DatabaseIntrospector]Found column "USR_CARD", data type 12, in table "ZFCG.USERS"
[DEBUG][2016-07-18 19:33:48,299][org.mybatis.generator.internal.db.DatabaseIntrospector]Found column "USR_MOBIL", data type 12, in table "ZFCG.USERS"
[DEBUG][2016-07-18 19:33:48,299][org.mybatis.generator.internal.db.DatabaseIntrospector]Found column "USR_EMAIL", data type 12, in table "ZFCG.USERS"
[DEBUG][2016-07-18 19:33:48,300][org.mybatis.generator.internal.db.DatabaseIntrospector]Found column "USR_FAX", data type 12, in table "ZFCG.USERS"
[DEBUG][2016-07-18 19:33:48,301][org.mybatis.generator.internal.db.DatabaseIntrospector]Found column "USR_UNITTEL", data type 12, in table "ZFCG.USERS"
[DEBUG][2016-07-18 19:33:48,302][org.mybatis.generator.internal.db.DatabaseIntrospector]Found column "USR_ADDR", data type 12, in table "ZFCG.USERS"
[DEBUG][2016-07-18 19:33:48,303][org.mybatis.generator.internal.db.DatabaseIntrospector]Found column "USR_ZIP", data type 1, in table "ZFCG.USERS"
[DEBUG][2016-07-18 19:33:48,304][org.mybatis.generator.internal.db.DatabaseIntrospector]Found column "USR_HOMETEL", data type 12, in table "ZFCG.USERS"
[DEBUG][2016-07-18 19:33:48,305][org.mybatis.generator.internal.db.DatabaseIntrospector]Found column "STOP_FLAG", data type 1, in table "ZFCG.USERS"
[DEBUG][2016-07-18 19:33:48,306][org.mybatis.generator.internal.db.DatabaseIntrospector]Found column "ADD_DATE", data type 12, in table "ZFCG.USERS"
[DEBUG][2016-07-18 19:33:48,306][org.mybatis.generator.internal.db.DatabaseIntrospector]Found column "UPD_NOTE", data type 12, in table "ZFCG.USERS"
[DEBUG][2016-07-18 19:33:48,307][org.mybatis.generator.internal.db.DatabaseIntrospector]Found column "USR_REMARK", data type 12, in table "ZFCG.USERS"
[DEBUG][2016-07-18 19:33:48,308][org.mybatis.generator.internal.db.DatabaseIntrospector]Found column "USR_DEPT", data type 12, in table "ZFCG.USERS"
[DEBUG][2016-07-18 19:33:48,309][org.mybatis.generator.internal.db.DatabaseIntrospector]Found column "USR_DUTY", data type 12, in table "ZFCG.USERS"
[DEBUG][2016-07-18 19:33:48,310][org.mybatis.generator.internal.db.DatabaseIntrospector]Found column "AREA_NO", data type 12, in table "ZFCG.USERS"
[DEBUG][2016-07-18 19:33:48,310][org.mybatis.generator.internal.db.DatabaseIntrospector]Found column "CA_ID", data type 12, in table "ZFCG.USERS"
[DEBUG][2016-07-18 19:33:48,311][org.mybatis.generator.internal.db.DatabaseIntrospector]Found column "SESSION_KEY", data type 12, in table "ZFCG.USERS"
[DEBUG][2016-07-19 09:29:02,185][org.mybatis.generator.internal.db.DatabaseIntrospector]Retrieving column information for table "USERS"
[DEBUG][2016-07-19 09:29:02,423][org.mybatis.generator.internal.db.DatabaseIntrospector]Found column "id", data type 12, in table "JDCG.USERS"
[DEBUG][2016-07-19 09:29:02,424][org.mybatis.generator.internal.db.DatabaseIntrospector]Found column "login_name", data type 12, in table "JDCG.USERS"
[DEBUG][2016-07-19 09:29:02,424][org.mybatis.generator.internal.db.DatabaseIntrospector]Found column "password", data type 12, in table "JDCG.USERS"
[DEBUG][2016-07-19 09:29:02,425][org.mybatis.generator.internal.db.DatabaseIntrospector]Found column "is_delete", data type 3, in table "JDCG.USERS"
[DEBUG][2016-07-19 09:29:02,426][org.mybatis.generator.internal.db.DatabaseIntrospector]Found column "create_date", data type 91, in table "JDCG.USERS"
[DEBUG][2016-07-19 09:29:02,426][org.mybatis.generator.internal.db.DatabaseIntrospector]Found column "rel_name", data type 12, in table "JDCG.USERS"
[DEBUG][2016-07-19 09:29:02,427][org.mybatis.generator.internal.db.DatabaseIntrospector]Found column "updat_date", data type 91, in table "JDCG.USERS"
[DEBUG][2016-07-19 09:29:02,428][org.mybatis.generator.internal.db.DatabaseIntrospector]Found column "creater", data type 12, in table "JDCG.USERS"
[DEBUG][2016-07-19 09:29:02,428][org.mybatis.generator.internal.db.DatabaseIntrospector]Found column "USR_ID", data type 12, in table "ZFCG.USERS"
[DEBUG][2016-07-19 09:29:02,429][org.mybatis.generator.internal.db.DatabaseIntrospector]Found column "USR_NAME", data type 12, in table "ZFCG.USERS"
[DEBUG][2016-07-19 09:29:02,429][org.mybatis.generator.internal.db.DatabaseIntrospector]Found column "USR_LOGINID", data type 12, in table "ZFCG.USERS"
[DEBUG][2016-07-19 09:29:02,430][org.mybatis.generator.internal.db.DatabaseIntrospector]Found column "USR_PWD", data type 12, in table "ZFCG.USERS"
[DEBUG][2016-07-19 09:29:02,431][org.mybatis.generator.internal.db.DatabaseIntrospector]Found column "USR_TYPE", data type 1, in table "ZFCG.USERS"
[DEBUG][2016-07-19 09:29:02,431][org.mybatis.generator.internal.db.DatabaseIntrospector]Found column "REL_ORG_NO", data type 12, in table "ZFCG.USERS"
[DEBUG][2016-07-19 09:29:02,432][org.mybatis.generator.internal.db.DatabaseIntrospector]Found column "USR_SEX", data type 1, in table "ZFCG.USERS"
[DEBUG][2016-07-19 09:29:02,434][org.mybatis.generator.internal.db.DatabaseIntrospector]Found column "USR_BTHDAY", data type 12, in table "ZFCG.USERS"
[DEBUG][2016-07-19 09:29:02,435][org.mybatis.generator.internal.db.DatabaseIntrospector]Found column "USR_NAT", data type 12, in table "ZFCG.USERS"
[DEBUG][2016-07-19 09:29:02,436][org.mybatis.generator.internal.db.DatabaseIntrospector]Found column "USR_PLC", data type 12, in table "ZFCG.USERS"
[DEBUG][2016-07-19 09:29:02,437][org.mybatis.generator.internal.db.DatabaseIntrospector]Found column "USR_CLT", data type 12, in table "ZFCG.USERS"
[DEBUG][2016-07-19 09:29:02,437][org.mybatis.generator.internal.db.DatabaseIntrospector]Found column "USR_CARD", data type 12, in table "ZFCG.USERS"
[DEBUG][2016-07-19 09:29:02,438][org.mybatis.generator.internal.db.DatabaseIntrospector]Found column "USR_MOBIL", data type 12, in table "ZFCG.USERS"
[DEBUG][2016-07-19 09:29:02,439][org.mybatis.generator.internal.db.DatabaseIntrospector]Found column "USR_EMAIL", data type 12, in table "ZFCG.USERS"
[DEBUG][2016-07-19 09:29:02,439][org.mybatis.generator.internal.db.DatabaseIntrospector]Found column "USR_FAX", data type 12, in table "ZFCG.USERS"
[DEBUG][2016-07-19 09:29:02,440][org.mybatis.generator.internal.db.DatabaseIntrospector]Found column "USR_UNITTEL", data type 12, in table "ZFCG.USERS"
[DEBUG][2016-07-19 09:29:02,441][org.mybatis.generator.internal.db.DatabaseIntrospector]Found column "USR_ADDR", data type 12, in table "ZFCG.USERS"
[DEBUG][2016-07-19 09:29:02,441][org.mybatis.generator.internal.db.DatabaseIntrospector]Found column "USR_ZIP", data type 1, in table "ZFCG.USERS"
[DEBUG][2016-07-19 09:29:02,442][org.mybatis.generator.internal.db.DatabaseIntrospector]Found column "USR_HOMETEL", data type 12, in table "ZFCG.USERS"
[DEBUG][2016-07-19 09:29:02,443][org.mybatis.generator.internal.db.DatabaseIntrospector]Found column "STOP_FLAG", data type 1, in table "ZFCG.USERS"
[DEBUG][2016-07-19 09:29:02,443][org.mybatis.generator.internal.db.DatabaseIntrospector]Found column "ADD_DATE", data type 12, in table "ZFCG.USERS"
[DEBUG][2016-07-19 09:29:02,444][org.mybatis.generator.internal.db.DatabaseIntrospector]Found column "UPD_NOTE", data type 12, in table "ZFCG.USERS"
[DEBUG][2016-07-19 09:29:02,445][org.mybatis.generator.internal.db.DatabaseIntrospector]Found column "USR_REMARK", data type 12, in table "ZFCG.USERS"
[DEBUG][2016-07-19 09:29:02,445][org.mybatis.generator.internal.db.DatabaseIntrospector]Found column "USR_DEPT", data type 12, in table "ZFCG.USERS"
[DEBUG][2016-07-19 09:29:02,446][org.mybatis.generator.internal.db.DatabaseIntrospector]Found column "USR_DUTY", data type 12, in table "ZFCG.USERS"
[DEBUG][2016-07-19 09:29:02,446][org.mybatis.generator.internal.db.DatabaseIntrospector]Found column "AREA_NO", data type 12, in table "ZFCG.USERS"
[DEBUG][2016-07-19 09:29:02,447][org.mybatis.generator.internal.db.DatabaseIntrospector]Found column "CA_ID", data type 12, in table "ZFCG.USERS"
[DEBUG][2016-07-19 09:29:02,448][org.mybatis.generator.internal.db.DatabaseIntrospector]Found column "SESSION_KEY", data type 12, in table "ZFCG.USERS"
[DEBUG][2016-07-19 09:30:22,833][org.mybatis.generator.internal.db.DatabaseIntrospector]Retrieving column information for table "USERS"
[DEBUG][2016-07-19 09:30:22,963][org.mybatis.generator.internal.db.DatabaseIntrospector]Found column "id", data type 12, in table "JDCG.USERS"
[DEBUG][2016-07-19 09:30:22,964][org.mybatis.generator.internal.db.DatabaseIntrospector]Found column "login_name", data type 12, in table "JDCG.USERS"
[DEBUG][2016-07-19 09:30:22,964][org.mybatis.generator.internal.db.DatabaseIntrospector]Found column "password", data type 12, in table "JDCG.USERS"
[DEBUG][2016-07-19 09:30:22,965][org.mybatis.generator.internal.db.DatabaseIntrospector]Found column "is_delete", data type 3, in table "JDCG.USERS"
[DEBUG][2016-07-19 09:30:22,965][org.mybatis.generator.internal.db.DatabaseIntrospector]Found column "create_date", data type 91, in table "JDCG.USERS"
[DEBUG][2016-07-19 09:30:22,966][org.mybatis.generator.internal.db.DatabaseIntrospector]Found column "rel_name", data type 12, in table "JDCG.USERS"
[DEBUG][2016-07-19 09:30:22,967][org.mybatis.generator.internal.db.DatabaseIntrospector]Found column "updat_date", data type 91, in table "JDCG.USERS"
[DEBUG][2016-07-19 09:30:22,967][org.mybatis.generator.internal.db.DatabaseIntrospector]Found column "creater", data type 12, in table "JDCG.USERS"
[DEBUG][2016-07-19 09:30:22,968][org.mybatis.generator.internal.db.DatabaseIntrospector]Found column "USR_ID", data type 12, in table "ZFCG.USERS"
[DEBUG][2016-07-19 09:30:22,968][org.mybatis.generator.internal.db.DatabaseIntrospector]Found column "USR_NAME", data type 12, in table "ZFCG.USERS"
[DEBUG][2016-07-19 09:30:22,969][org.mybatis.generator.internal.db.DatabaseIntrospector]Found column "USR_LOGINID", data type 12, in table "ZFCG.USERS"
[DEBUG][2016-07-19 09:30:22,970][org.mybatis.generator.internal.db.DatabaseIntrospector]Found column "USR_PWD", data type 12, in table "ZFCG.USERS"
[DEBUG][2016-07-19 09:30:22,970][org.mybatis.generator.internal.db.DatabaseIntrospector]Found column "USR_TYPE", data type 1, in table "ZFCG.USERS"
[DEBUG][2016-07-19 09:30:22,971][org.mybatis.generator.internal.db.DatabaseIntrospector]Found column "REL_ORG_NO", data type 12, in table "ZFCG.USERS"
[DEBUG][2016-07-19 09:30:22,971][org.mybatis.generator.internal.db.DatabaseIntrospector]Found column "USR_SEX", data type 1, in table "ZFCG.USERS"
[DEBUG][2016-07-19 09:30:22,974][org.mybatis.generator.internal.db.DatabaseIntrospector]Found column "USR_BTHDAY", data type 12, in table "ZFCG.USERS"
[DEBUG][2016-07-19 09:30:22,975][org.mybatis.generator.internal.db.DatabaseIntrospector]Found column "USR_NAT", data type 12, in table "ZFCG.USERS"
[DEBUG][2016-07-19 09:30:22,976][org.mybatis.generator.internal.db.DatabaseIntrospector]Found column "USR_PLC", data type 12, in table "ZFCG.USERS"
[DEBUG][2016-07-19 09:30:22,976][org.mybatis.generator.internal.db.DatabaseIntrospector]Found column "USR_CLT", data type 12, in table "ZFCG.USERS"
[DEBUG][2016-07-19 09:30:22,977][org.mybatis.generator.internal.db.DatabaseIntrospector]Found column "USR_CARD", data type 12, in table "ZFCG.USERS"
[DEBUG][2016-07-19 09:30:22,977][org.mybatis.generator.internal.db.DatabaseIntrospector]Found column "USR_MOBIL", data type 12, in table "ZFCG.USERS"
[DEBUG][2016-07-19 09:30:22,978][org.mybatis.generator.internal.db.DatabaseIntrospector]Found column "USR_EMAIL", data type 12, in table "ZFCG.USERS"
[DEBUG][2016-07-19 09:30:22,978][org.mybatis.generator.internal.db.DatabaseIntrospector]Found column "USR_FAX", data type 12, in table "ZFCG.USERS"
[DEBUG][2016-07-19 09:30:22,979][org.mybatis.generator.internal.db.DatabaseIntrospector]Found column "USR_UNITTEL", data type 12, in table "ZFCG.USERS"
[DEBUG][2016-07-19 09:30:22,979][org.mybatis.generator.internal.db.DatabaseIntrospector]Found column "USR_ADDR", data type 12, in table "ZFCG.USERS"
[DEBUG][2016-07-19 09:30:22,980][org.mybatis.generator.internal.db.DatabaseIntrospector]Found column "USR_ZIP", data type 1, in table "ZFCG.USERS"
[DEBUG][2016-07-19 09:30:22,980][org.mybatis.generator.internal.db.DatabaseIntrospector]Found column "USR_HOMETEL", data type 12, in table "ZFCG.USERS"
[DEBUG][2016-07-19 09:30:22,981][org.mybatis.generator.internal.db.DatabaseIntrospector]Found column "STOP_FLAG", data type 1, in table "ZFCG.USERS"
[DEBUG][2016-07-19 09:30:22,981][org.mybatis.generator.internal.db.DatabaseIntrospector]Found column "ADD_DATE", data type 12, in table "ZFCG.USERS"
[DEBUG][2016-07-19 09:30:22,982][org.mybatis.generator.internal.db.DatabaseIntrospector]Found column "UPD_NOTE", data type 12, in table "ZFCG.USERS"
[DEBUG][2016-07-19 09:30:22,983][org.mybatis.generator.internal.db.DatabaseIntrospector]Found column "USR_REMARK", data type 12, in table "ZFCG.USERS"
[DEBUG][2016-07-19 09:30:22,983][org.mybatis.generator.internal.db.DatabaseIntrospector]Found column "USR_DEPT", data type 12, in table "ZFCG.USERS"
[DEBUG][2016-07-19 09:30:22,984][org.mybatis.generator.internal.db.DatabaseIntrospector]Found column "USR_DUTY", data type 12, in table "ZFCG.USERS"
[DEBUG][2016-07-19 09:30:22,984][org.mybatis.generator.internal.db.DatabaseIntrospector]Found column "AREA_NO", data type 12, in table "ZFCG.USERS"
[DEBUG][2016-07-19 09:30:22,985][org.mybatis.generator.internal.db.DatabaseIntrospector]Found column "CA_ID", data type 12, in table "ZFCG.USERS"
[DEBUG][2016-07-19 09:30:22,985][org.mybatis.generator.internal.db.DatabaseIntrospector]Found column "SESSION_KEY", data type 12, in table "ZFCG.USERS"
[DEBUG][2016-07-19 09:42:06,082][org.mybatis.generator.internal.db.DatabaseIntrospector]Retrieving column information for table "USERS"
[DEBUG][2016-07-19 09:42:06,187][org.mybatis.generator.internal.db.DatabaseIntrospector]Found column "id", data type 12, in table "JDCG.USERS"
[DEBUG][2016-07-19 09:42:06,188][org.mybatis.generator.internal.db.DatabaseIntrospector]Found column "login_name", data type 12, in table "JDCG.USERS"
[DEBUG][2016-07-19 09:42:06,188][org.mybatis.generator.internal.db.DatabaseIntrospector]Found column "password", data type 12, in table "JDCG.USERS"
[DEBUG][2016-07-19 09:42:06,189][org.mybatis.generator.internal.db.DatabaseIntrospector]Found column "is_delete", data type 3, in table "JDCG.USERS"
[DEBUG][2016-07-19 09:42:06,190][org.mybatis.generator.internal.db.DatabaseIntrospector]Found column "create_date", data type 91, in table "JDCG.USERS"
[DEBUG][2016-07-19 09:42:06,190][org.mybatis.generator.internal.db.DatabaseIntrospector]Found column "rel_name", data type 12, in table "JDCG.USERS"
[DEBUG][2016-07-19 09:42:06,191][org.mybatis.generator.internal.db.DatabaseIntrospector]Found column "updat_date", data type 91, in table "JDCG.USERS"
[DEBUG][2016-07-19 09:42:06,191][org.mybatis.generator.internal.db.DatabaseIntrospector]Found column "creater", data type 12, in table "JDCG.USERS"
[DEBUG][2016-07-19 09:42:06,192][org.mybatis.generator.internal.db.DatabaseIntrospector]Found column "USR_ID", data type 12, in table "ZFCG.USERS"
[DEBUG][2016-07-19 09:42:06,192][org.mybatis.generator.internal.db.DatabaseIntrospector]Found column "USR_NAME", data type 12, in table "ZFCG.USERS"
[DEBUG][2016-07-19 09:42:06,193][org.mybatis.generator.internal.db.DatabaseIntrospector]Found column "USR_LOGINID", data type 12, in table "ZFCG.USERS"
[DEBUG][2016-07-19 09:42:06,194][org.mybatis.generator.internal.db.DatabaseIntrospector]Found column "USR_PWD", data type 12, in table "ZFCG.USERS"
[DEBUG][2016-07-19 09:42:06,194][org.mybatis.generator.internal.db.DatabaseIntrospector]Found column "USR_TYPE", data type 1, in table "ZFCG.USERS"
[DEBUG][2016-07-19 09:42:06,195][org.mybatis.generator.internal.db.DatabaseIntrospector]Found column "REL_ORG_NO", data type 12, in table "ZFCG.USERS"
[DEBUG][2016-07-19 09:42:06,195][org.mybatis.generator.internal.db.DatabaseIntrospector]Found column "USR_SEX", data type 1, in table "ZFCG.USERS"
[DEBUG][2016-07-19 09:42:06,198][org.mybatis.generator.internal.db.DatabaseIntrospector]Found column "USR_BTHDAY", data type 12, in table "ZFCG.USERS"
[DEBUG][2016-07-19 09:42:06,199][org.mybatis.generator.internal.db.DatabaseIntrospector]Found column "USR_NAT", data type 12, in table "ZFCG.USERS"
[DEBUG][2016-07-19 09:42:06,199][org.mybatis.generator.internal.db.DatabaseIntrospector]Found column "USR_PLC", data type 12, in table "ZFCG.USERS"
[DEBUG][2016-07-19 09:42:06,200][org.mybatis.generator.internal.db.DatabaseIntrospector]Found column "USR_CLT", data type 12, in table "ZFCG.USERS"
[DEBUG][2016-07-19 09:42:06,200][org.mybatis.generator.internal.db.DatabaseIntrospector]Found column "USR_CARD", data type 12, in table "ZFCG.USERS"
[DEBUG][2016-07-19 09:42:06,201][org.mybatis.generator.internal.db.DatabaseIntrospector]Found column "USR_MOBIL", data type 12, in table "ZFCG.USERS"
[DEBUG][2016-07-19 09:42:06,202][org.mybatis.generator.internal.db.DatabaseIntrospector]Found column "USR_EMAIL", data type 12, in table "ZFCG.USERS"
[DEBUG][2016-07-19 09:42:06,202][org.mybatis.generator.internal.db.DatabaseIntrospector]Found column "USR_FAX", data type 12, in table "ZFCG.USERS"
[DEBUG][2016-07-19 09:42:06,203][org.mybatis.generator.internal.db.DatabaseIntrospector]Found column "USR_UNITTEL", data type 12, in table "ZFCG.USERS"
[DEBUG][2016-07-19 09:42:06,203][org.mybatis.generator.internal.db.DatabaseIntrospector]Found column "USR_ADDR", data type 12, in table "ZFCG.USERS"
[DEBUG][2016-07-19 09:42:06,204][org.mybatis.generator.internal.db.DatabaseIntrospector]Found column "USR_ZIP", data type 1, in table "ZFCG.USERS"
[DEBUG][2016-07-19 09:42:06,204][org.mybatis.generator.internal.db.DatabaseIntrospector]Found column "USR_HOMETEL", data type 12, in table "ZFCG.USERS"
[DEBUG][2016-07-19 09:42:06,205][org.mybatis.generator.internal.db.DatabaseIntrospector]Found column "STOP_FLAG", data type 1, in table "ZFCG.USERS"
[DEBUG][2016-07-19 09:42:06,205][org.mybatis.generator.internal.db.DatabaseIntrospector]Found column "ADD_DATE", data type 12, in table "ZFCG.USERS"
[DEBUG][2016-07-19 09:42:06,206][org.mybatis.generator.internal.db.DatabaseIntrospector]Found column "UPD_NOTE", data type 12, in table "ZFCG.USERS"
[DEBUG][2016-07-19 09:42:06,206][org.mybatis.generator.internal.db.DatabaseIntrospector]Found column "USR_REMARK", data type 12, in table "ZFCG.USERS"
[DEBUG][2016-07-19 09:42:06,207][org.mybatis.generator.internal.db.DatabaseIntrospector]Found column "USR_DEPT", data type 12, in table "ZFCG.USERS"
[DEBUG][2016-07-19 09:42:06,207][org.mybatis.generator.internal.db.DatabaseIntrospector]Found column "USR_DUTY", data type 12, in table "ZFCG.USERS"
[DEBUG][2016-07-19 09:42:06,208][org.mybatis.generator.internal.db.DatabaseIntrospector]Found column "AREA_NO", data type 12, in table "ZFCG.USERS"
[DEBUG][2016-07-19 09:42:06,208][org.mybatis.generator.internal.db.DatabaseIntrospector]Found column "CA_ID", data type 12, in table "ZFCG.USERS"
[DEBUG][2016-07-19 09:42:06,209][org.mybatis.generator.internal.db.DatabaseIntrospector]Found column "SESSION_KEY", data type 12, in table "ZFCG.USERS"
[DEBUG][2016-07-19 10:12:45,960][org.mybatis.generator.internal.db.DatabaseIntrospector]Retrieving column information for table "USERS"
[DEBUG][2016-07-19 10:12:46,121][org.mybatis.generator.internal.db.DatabaseIntrospector]Found column "id", data type 12, in table "JDCG.USERS"
[DEBUG][2016-07-19 10:12:46,122][org.mybatis.generator.internal.db.DatabaseIntrospector]Found column "login_name", data type 12, in table "JDCG.USERS"
[DEBUG][2016-07-19 10:12:46,123][org.mybatis.generator.internal.db.DatabaseIntrospector]Found column "password", data type 12, in table "JDCG.USERS"
[DEBUG][2016-07-19 10:12:46,124][org.mybatis.generator.internal.db.DatabaseIntrospector]Found column "is_delete", data type 3, in table "JDCG.USERS"
[DEBUG][2016-07-19 10:12:46,124][org.mybatis.generator.internal.db.DatabaseIntrospector]Found column "create_date", data type 91, in table "JDCG.USERS"
[DEBUG][2016-07-19 10:12:46,125][org.mybatis.generator.internal.db.DatabaseIntrospector]Found column "rel_name", data type 12, in table "JDCG.USERS"
[DEBUG][2016-07-19 10:12:46,126][org.mybatis.generator.internal.db.DatabaseIntrospector]Found column "updat_date", data type 91, in table "JDCG.USERS"
[DEBUG][2016-07-19 10:12:46,126][org.mybatis.generator.internal.db.DatabaseIntrospector]Found column "creater", data type 12, in table "JDCG.USERS"
[DEBUG][2016-07-19 10:12:46,127][org.mybatis.generator.internal.db.DatabaseIntrospector]Found column "USR_ID", data type 12, in table "ZFCG.USERS"
[DEBUG][2016-07-19 10:12:46,128][org.mybatis.generator.internal.db.DatabaseIntrospector]Found column "USR_NAME", data type 12, in table "ZFCG.USERS"
[DEBUG][2016-07-19 10:12:46,128][org.mybatis.generator.internal.db.DatabaseIntrospector]Found column "USR_LOGINID", data type 12, in table "ZFCG.USERS"
[DEBUG][2016-07-19 10:12:46,129][org.mybatis.generator.internal.db.DatabaseIntrospector]Found column "USR_PWD", data type 12, in table "ZFCG.USERS"
[DEBUG][2016-07-19 10:12:46,130][org.mybatis.generator.internal.db.DatabaseIntrospector]Found column "USR_TYPE", data type 1, in table "ZFCG.USERS"
[DEBUG][2016-07-19 10:12:46,131][org.mybatis.generator.internal.db.DatabaseIntrospector]Found column "REL_ORG_NO", data type 12, in table "ZFCG.USERS"
[DEBUG][2016-07-19 10:12:46,131][org.mybatis.generator.internal.db.DatabaseIntrospector]Found column "USR_SEX", data type 1, in table "ZFCG.USERS"
[DEBUG][2016-07-19 10:12:46,135][org.mybatis.generator.internal.db.DatabaseIntrospector]Found column "USR_BTHDAY", data type 12, in table "ZFCG.USERS"
[DEBUG][2016-07-19 10:12:46,135][org.mybatis.generator.internal.db.DatabaseIntrospector]Found column "USR_NAT", data type 12, in table "ZFCG.USERS"
[DEBUG][2016-07-19 10:12:46,136][org.mybatis.generator.internal.db.DatabaseIntrospector]Found column "USR_PLC", data type 12, in table "ZFCG.USERS"
[DEBUG][2016-07-19 10:12:46,137][org.mybatis.generator.internal.db.DatabaseIntrospector]Found column "USR_CLT", data type 12, in table "ZFCG.USERS"
[DEBUG][2016-07-19 10:12:46,138][org.mybatis.generator.internal.db.DatabaseIntrospector]Found column "USR_CARD", data type 12, in table "ZFCG.USERS"
[DEBUG][2016-07-19 10:12:46,138][org.mybatis.generator.internal.db.DatabaseIntrospector]Found column "USR_MOBIL", data type 12, in table "ZFCG.USERS"
[DEBUG][2016-07-19 10:12:46,139][org.mybatis.generator.internal.db.DatabaseIntrospector]Found column "USR_EMAIL", data type 12, in table "ZFCG.USERS"
[DEBUG][2016-07-19 10:12:46,139][org.mybatis.generator.internal.db.DatabaseIntrospector]Found column "USR_FAX", data type 12, in table "ZFCG.USERS"
[DEBUG][2016-07-19 10:12:46,140][org.mybatis.generator.internal.db.DatabaseIntrospector]Found column "USR_UNITTEL", data type 12, in table "ZFCG.USERS"
[DEBUG][2016-07-19 10:12:46,141][org.mybatis.generator.internal.db.DatabaseIntrospector]Found column "USR_ADDR", data type 12, in table "ZFCG.USERS"
[DEBUG][2016-07-19 10:12:46,141][org.mybatis.generator.internal.db.DatabaseIntrospector]Found column "USR_ZIP", data type 1, in table "ZFCG.USERS"
[DEBUG][2016-07-19 10:12:46,142][org.mybatis.generator.internal.db.DatabaseIntrospector]Found column "USR_HOMETEL", data type 12, in table "ZFCG.USERS"
[DEBUG][2016-07-19 10:12:46,143][org.mybatis.generator.internal.db.DatabaseIntrospector]Found column "STOP_FLAG", data type 1, in table "ZFCG.USERS"
[DEBUG][2016-07-19 10:12:46,143][org.mybatis.generator.internal.db.DatabaseIntrospector]Found column "ADD_DATE", data type 12, in table "ZFCG.USERS"
[DEBUG][2016-07-19 10:12:46,144][org.mybatis.generator.internal.db.DatabaseIntrospector]Found column "UPD_NOTE", data type 12, in table "ZFCG.USERS"
[DEBUG][2016-07-19 10:12:46,145][org.mybatis.generator.internal.db.DatabaseIntrospector]Found column "USR_REMARK", data type 12, in table "ZFCG.USERS"
[DEBUG][2016-07-19 10:12:46,145][org.mybatis.generator.internal.db.DatabaseIntrospector]Found column "USR_DEPT", data type 12, in table "ZFCG.USERS"
[DEBUG][2016-07-19 10:12:46,146][org.mybatis.generator.internal.db.DatabaseIntrospector]Found column "USR_DUTY", data type 12, in table "ZFCG.USERS"
[DEBUG][2016-07-19 10:12:46,146][org.mybatis.generator.internal.db.DatabaseIntrospector]Found column "AREA_NO", data type 12, in table "ZFCG.USERS"
[DEBUG][2016-07-19 10:12:46,147][org.mybatis.generator.internal.db.DatabaseIntrospector]Found column "CA_ID", data type 12, in table "ZFCG.USERS"
[DEBUG][2016-07-19 10:12:46,148][org.mybatis.generator.internal.db.DatabaseIntrospector]Found column "SESSION_KEY", data type 12, in table "ZFCG.USERS"
[DEBUG][2016-07-19 11:06:18,442][org.mybatis.generator.internal.db.DatabaseIntrospector]Retrieving column information for table "USERS"
[DEBUG][2016-07-19 11:06:18,646][org.mybatis.generator.internal.db.DatabaseIntrospector]Found column "id", data type 12, in table "JDCG.USERS"
[DEBUG][2016-07-19 11:06:18,647][org.mybatis.generator.internal.db.DatabaseIntrospector]Found column "login_name", data type 12, in table "JDCG.USERS"
[DEBUG][2016-07-19 11:06:18,647][org.mybatis.generator.internal.db.DatabaseIntrospector]Found column "password", data type 12, in table "JDCG.USERS"
[DEBUG][2016-07-19 11:06:18,648][org.mybatis.generator.internal.db.DatabaseIntrospector]Found column "is_delete", data type 3, in table "JDCG.USERS"
[DEBUG][2016-07-19 11:06:18,648][org.mybatis.generator.internal.db.DatabaseIntrospector]Found column "create_date", data type 91, in table "JDCG.USERS"
[DEBUG][2016-07-19 11:06:18,649][org.mybatis.generator.internal.db.DatabaseIntrospector]Found column "rel_name", data type 12, in table "JDCG.USERS"
[DEBUG][2016-07-19 11:06:18,650][org.mybatis.generator.internal.db.DatabaseIntrospector]Found column "updat_date", data type 91, in table "JDCG.USERS"
[DEBUG][2016-07-19 11:06:18,650][org.mybatis.generator.internal.db.DatabaseIntrospector]Found column "creater", data type 12, in table "JDCG.USERS"
[DEBUG][2016-07-19 11:06:18,651][org.mybatis.generator.internal.db.DatabaseIntrospector]Found column "USR_ID", data type 12, in table "ZFCG.USERS"
[DEBUG][2016-07-19 11:06:18,652][org.mybatis.generator.internal.db.DatabaseIntrospector]Found column "USR_NAME", data type 12, in table "ZFCG.USERS"
[DEBUG][2016-07-19 11:06:18,652][org.mybatis.generator.internal.db.DatabaseIntrospector]Found column "USR_LOGINID", data type 12, in table "ZFCG.USERS"
[DEBUG][2016-07-19 11:06:18,653][org.mybatis.generator.internal.db.DatabaseIntrospector]Found column "USR_PWD", data type 12, in table "ZFCG.USERS"
[DEBUG][2016-07-19 11:06:18,655][org.mybatis.generator.internal.db.DatabaseIntrospector]Found column "USR_TYPE", data type 1, in table "ZFCG.USERS"
[DEBUG][2016-07-19 11:06:18,656][org.mybatis.generator.internal.db.DatabaseIntrospector]Found column "REL_ORG_NO", data type 12, in table "ZFCG.USERS"
[DEBUG][2016-07-19 11:06:18,656][org.mybatis.generator.internal.db.DatabaseIntrospector]Found column "USR_SEX", data type 1, in table "ZFCG.USERS"
[DEBUG][2016-07-19 11:06:18,659][org.mybatis.generator.internal.db.DatabaseIntrospector]Found column "USR_BTHDAY", data type 12, in table "ZFCG.USERS"
[DEBUG][2016-07-19 11:06:18,660][org.mybatis.generator.internal.db.DatabaseIntrospector]Found column "USR_NAT", data type 12, in table "ZFCG.USERS"
[DEBUG][2016-07-19 11:06:18,661][org.mybatis.generator.internal.db.DatabaseIntrospector]Found column "USR_PLC", data type 12, in table "ZFCG.USERS"
[DEBUG][2016-07-19 11:06:18,661][org.mybatis.generator.internal.db.DatabaseIntrospector]Found column "USR_CLT", data type 12, in table "ZFCG.USERS"
[DEBUG][2016-07-19 11:06:18,662][org.mybatis.generator.internal.db.DatabaseIntrospector]Found column "USR_CARD", data type 12, in table "ZFCG.USERS"
[DEBUG][2016-07-19 11:06:18,663][org.mybatis.generator.internal.db.DatabaseIntrospector]Found column "USR_MOBIL", data type 12, in table "ZFCG.USERS"
[DEBUG][2016-07-19 11:06:18,663][org.mybatis.generator.internal.db.DatabaseIntrospector]Found column "USR_EMAIL", data type 12, in table "ZFCG.USERS"
[DEBUG][2016-07-19 11:06:18,664][org.mybatis.generator.internal.db.DatabaseIntrospector]Found column "USR_FAX", data type 12, in table "ZFCG.USERS"
[DEBUG][2016-07-19 11:06:18,664][org.mybatis.generator.internal.db.DatabaseIntrospector]Found column "USR_UNITTEL", data type 12, in table "ZFCG.USERS"
[DEBUG][2016-07-19 11:06:18,665][org.mybatis.generator.internal.db.DatabaseIntrospector]Found column "USR_ADDR", data type 12, in table "ZFCG.USERS"
[DEBUG][2016-07-19 11:06:18,666][org.mybatis.generator.internal.db.DatabaseIntrospector]Found column "USR_ZIP", data type 1, in table "ZFCG.USERS"
[DEBUG][2016-07-19 11:06:18,666][org.mybatis.generator.internal.db.DatabaseIntrospector]Found column "USR_HOMETEL", data type 12, in table "ZFCG.USERS"
[DEBUG][2016-07-19 11:06:18,667][org.mybatis.generator.internal.db.DatabaseIntrospector]Found column "STOP_FLAG", data type 1, in table "ZFCG.USERS"
[DEBUG][2016-07-19 11:06:18,667][org.mybatis.generator.internal.db.DatabaseIntrospector]Found column "ADD_DATE", data type 12, in table "ZFCG.USERS"
[DEBUG][2016-07-19 11:06:18,668][org.mybatis.generator.internal.db.DatabaseIntrospector]Found column "UPD_NOTE", data type 12, in table "ZFCG.USERS"
[DEBUG][2016-07-19 11:06:18,669][org.mybatis.generator.internal.db.DatabaseIntrospector]Found column "USR_REMARK", data type 12, in table "ZFCG.USERS"
[DEBUG][2016-07-19 11:06:18,669][org.mybatis.generator.internal.db.DatabaseIntrospector]Found column "USR_DEPT", data type 12, in table "ZFCG.USERS"
[DEBUG][2016-07-19 11:06:18,670][org.mybatis.generator.internal.db.DatabaseIntrospector]Found column "USR_DUTY", data type 12, in table "ZFCG.USERS"
[DEBUG][2016-07-19 11:06:18,670][org.mybatis.generator.internal.db.DatabaseIntrospector]Found column "AREA_NO", data type 12, in table "ZFCG.USERS"
[DEBUG][2016-07-19 11:06:18,671][org.mybatis.generator.internal.db.DatabaseIntrospector]Found column "CA_ID", data type 12, in table "ZFCG.USERS"
[DEBUG][2016-07-19 11:06:18,671][org.mybatis.generator.internal.db.DatabaseIntrospector]Found column "SESSION_KEY", data type 12, in table "ZFCG.USERS"
[DEBUG][2016-07-19 11:12:26,969][org.mybatis.generator.internal.db.DatabaseIntrospector]Retrieving column information for table "USERS"
[DEBUG][2016-07-19 11:12:27,151][org.mybatis.generator.internal.db.DatabaseIntrospector]Found column "id", data type 12, in table "JDCG.USERS"
[DEBUG][2016-07-19 11:12:27,152][org.mybatis.generator.internal.db.DatabaseIntrospector]Found column "login_name", data type 12, in table "JDCG.USERS"
[DEBUG][2016-07-19 11:12:27,152][org.mybatis.generator.internal.db.DatabaseIntrospector]Found column "password", data type 12, in table "JDCG.USERS"
[DEBUG][2016-07-19 11:12:27,153][org.mybatis.generator.internal.db.DatabaseIntrospector]Found column "is_delete", data type 3, in table "JDCG.USERS"
[DEBUG][2016-07-19 11:12:27,154][org.mybatis.generator.internal.db.DatabaseIntrospector]Found column "create_date", data type 91, in table "JDCG.USERS"
[DEBUG][2016-07-19 11:12:27,155][org.mybatis.generator.internal.db.DatabaseIntrospector]Found column "rel_name", data type 12, in table "JDCG.USERS"
[DEBUG][2016-07-19 11:12:27,155][org.mybatis.generator.internal.db.DatabaseIntrospector]Found column "updat_date", data type 91, in table "JDCG.USERS"
[DEBUG][2016-07-19 11:12:27,156][org.mybatis.generator.internal.db.DatabaseIntrospector]Found column "creater", data type 12, in table "JDCG.USERS"
[DEBUG][2016-07-19 11:12:27,157][org.mybatis.generator.internal.db.DatabaseIntrospector]Found column "USR_ID", data type 12, in table "ZFCG.USERS"
[DEBUG][2016-07-19 11:12:27,158][org.mybatis.generator.internal.db.DatabaseIntrospector]Found column "USR_NAME", data type 12, in table "ZFCG.USERS"
[DEBUG][2016-07-19 11:12:27,159][org.mybatis.generator.internal.db.DatabaseIntrospector]Found column "USR_LOGINID", data type 12, in table "ZFCG.USERS"
[DEBUG][2016-07-19 11:12:27,160][org.mybatis.generator.internal.db.DatabaseIntrospector]Found column "USR_PWD", data type 12, in table "ZFCG.USERS"
[DEBUG][2016-07-19 11:12:27,161][org.mybatis.generator.internal.db.DatabaseIntrospector]Found column "USR_TYPE", data type 1, in table "ZFCG.USERS"
[DEBUG][2016-07-19 11:12:27,161][org.mybatis.generator.internal.db.DatabaseIntrospector]Found column "REL_ORG_NO", data type 12, in table "ZFCG.USERS"
[DEBUG][2016-07-19 11:12:27,162][org.mybatis.generator.internal.db.DatabaseIntrospector]Found column "USR_SEX", data type 1, in table "ZFCG.USERS"
[DEBUG][2016-07-19 11:12:27,166][org.mybatis.generator.internal.db.DatabaseIntrospector]Found column "USR_BTHDAY", data type 12, in table "ZFCG.USERS"
[DEBUG][2016-07-19 11:12:27,167][org.mybatis.generator.internal.db.DatabaseIntrospector]Found column "USR_NAT", data type 12, in table "ZFCG.USERS"
[DEBUG][2016-07-19 11:12:27,167][org.mybatis.generator.internal.db.DatabaseIntrospector]Found column "USR_PLC", data type 12, in table "ZFCG.USERS"
[DEBUG][2016-07-19 11:12:27,168][org.mybatis.generator.internal.db.DatabaseIntrospector]Found column "USR_CLT", data type 12, in table "ZFCG.USERS"
[DEBUG][2016-07-19 11:12:27,169][org.mybatis.generator.internal.db.DatabaseIntrospector]Found column "USR_CARD", data type 12, in table "ZFCG.USERS"
[DEBUG][2016-07-19 11:12:27,170][org.mybatis.generator.internal.db.DatabaseIntrospector]Found column "USR_MOBIL", data type 12, in table "ZFCG.USERS"
[DEBUG][2016-07-19 11:12:27,170][org.mybatis.generator.internal.db.DatabaseIntrospector]Found column "USR_EMAIL", data type 12, in table "ZFCG.USERS"
[DEBUG][2016-07-19 11:12:27,171][org.mybatis.generator.internal.db.DatabaseIntrospector]Found column "USR_FAX", data type 12, in table "ZFCG.USERS"
[DEBUG][2016-07-19 11:12:27,172][org.mybatis.generator.internal.db.DatabaseIntrospector]Found column "USR_UNITTEL", data type 12, in table "ZFCG.USERS"
[DEBUG][2016-07-19 11:12:27,172][org.mybatis.generator.internal.db.DatabaseIntrospector]Found column "USR_ADDR", data type 12, in table "ZFCG.USERS"
[DEBUG][2016-07-19 11:12:27,173][org.mybatis.generator.internal.db.DatabaseIntrospector]Found column "USR_ZIP", data type 1, in table "ZFCG.USERS"
[DEBUG][2016-07-19 11:12:27,173][org.mybatis.generator.internal.db.DatabaseIntrospector]Found column "USR_HOMETEL", data type 12, in table "ZFCG.USERS"
[DEBUG][2016-07-19 11:12:27,174][org.mybatis.generator.internal.db.DatabaseIntrospector]Found column "STOP_FLAG", data type 1, in table "ZFCG.USERS"
[DEBUG][2016-07-19 11:12:27,175][org.mybatis.generator.internal.db.DatabaseIntrospector]Found column "ADD_DATE", data type 12, in table "ZFCG.USERS"
[DEBUG][2016-07-19 11:12:27,175][org.mybatis.generator.internal.db.DatabaseIntrospector]Found column "UPD_NOTE", data type 12, in table "ZFCG.USERS"
[DEBUG][2016-07-19 11:12:27,176][org.mybatis.generator.internal.db.DatabaseIntrospector]Found column "USR_REMARK", data type 12, in table "ZFCG.USERS"
[DEBUG][2016-07-19 11:12:27,177][org.mybatis.generator.internal.db.DatabaseIntrospector]Found column "USR_DEPT", data type 12, in table "ZFCG.USERS"
[DEBUG][2016-07-19 11:12:27,178][org.mybatis.generator.internal.db.DatabaseIntrospector]Found column "USR_DUTY", data type 12, in table "ZFCG.USERS"
[DEBUG][2016-07-19 11:12:27,178][org.mybatis.generator.internal.db.DatabaseIntrospector]Found column "AREA_NO", data type 12, in table "ZFCG.USERS"
[DEBUG][2016-07-19 11:12:27,179][org.mybatis.generator.internal.db.DatabaseIntrospector]Found column "CA_ID", data type 12, in table "ZFCG.USERS"
[DEBUG][2016-07-19 11:12:27,179][org.mybatis.generator.internal.db.DatabaseIntrospector]Found column "SESSION_KEY", data type 12, in table "ZFCG.USERS"
[DEBUG][2016-07-19 14:39:30,696][org.mybatis.generator.internal.db.DatabaseIntrospector]Retrieving column information for table "USERS"
[DEBUG][2016-07-19 14:39:30,889][org.mybatis.generator.internal.db.DatabaseIntrospector]Found column "ID", data type 12, in table "JDCG.USERS"
[DEBUG][2016-07-19 14:39:30,890][org.mybatis.generator.internal.db.DatabaseIntrospector]Found column "LOGIN_NAME", data type 12, in table "JDCG.USERS"
[DEBUG][2016-07-19 14:39:30,891][org.mybatis.generator.internal.db.DatabaseIntrospector]Found column "PASSWORD", data type 12, in table "JDCG.USERS"
[DEBUG][2016-07-19 14:39:30,891][org.mybatis.generator.internal.db.DatabaseIntrospector]Found column "IS_DELETE", data type 3, in table "JDCG.USERS"
[DEBUG][2016-07-19 14:39:30,892][org.mybatis.generator.internal.db.DatabaseIntrospector]Found column "CREATE_DATE", data type 91, in table "JDCG.USERS"
[DEBUG][2016-07-19 14:39:30,893][org.mybatis.generator.internal.db.DatabaseIntrospector]Found column "REL_NAME", data type 12, in table "JDCG.USERS"
[DEBUG][2016-07-19 14:39:30,894][org.mybatis.generator.internal.db.DatabaseIntrospector]Found column "UPDAT_DATE", data type 91, in table "JDCG.USERS"
[DEBUG][2016-07-19 14:39:30,895][org.mybatis.generator.internal.db.DatabaseIntrospector]Found column "CREATER", data type 12, in table "JDCG.USERS"
[DEBUG][2016-07-19 14:39:30,895][org.mybatis.generator.internal.db.DatabaseIntrospector]Found column "USR_ID", data type 12, in table "ZFCG.USERS"
[DEBUG][2016-07-19 14:39:30,896][org.mybatis.generator.internal.db.DatabaseIntrospector]Found column "USR_NAME", data type 12, in table "ZFCG.USERS"
[DEBUG][2016-07-19 14:39:30,896][org.mybatis.generator.internal.db.DatabaseIntrospector]Found column "USR_LOGINID", data type 12, in table "ZFCG.USERS"
[DEBUG][2016-07-19 14:39:30,897][org.mybatis.generator.internal.db.DatabaseIntrospector]Found column "USR_PWD", data type 12, in table "ZFCG.USERS"
[DEBUG][2016-07-19 14:39:30,898][org.mybatis.generator.internal.db.DatabaseIntrospector]Found column "USR_TYPE", data type 1, in table "ZFCG.USERS"
[DEBUG][2016-07-19 14:39:30,898][org.mybatis.generator.internal.db.DatabaseIntrospector]Found column "REL_ORG_NO", data type 12, in table "ZFCG.USERS"
[DEBUG][2016-07-19 14:39:30,899][org.mybatis.generator.internal.db.DatabaseIntrospector]Found column "USR_SEX", data type 1, in table "ZFCG.USERS"
[DEBUG][2016-07-19 14:39:30,902][org.mybatis.generator.internal.db.DatabaseIntrospector]Found column "USR_BTHDAY", data type 12, in table "ZFCG.USERS"
[DEBUG][2016-07-19 14:39:30,903][org.mybatis.generator.internal.db.DatabaseIntrospector]Found column "USR_NAT", data type 12, in table "ZFCG.USERS"
[DEBUG][2016-07-19 14:39:30,903][org.mybatis.generator.internal.db.DatabaseIntrospector]Found column "USR_PLC", data type 12, in table "ZFCG.USERS"
[DEBUG][2016-07-19 14:39:30,904][org.mybatis.generator.internal.db.DatabaseIntrospector]Found column "USR_CLT", data type 12, in table "ZFCG.USERS"
[DEBUG][2016-07-19 14:39:30,905][org.mybatis.generator.internal.db.DatabaseIntrospector]Found column "USR_CARD", data type 12, in table "ZFCG.USERS"
[DEBUG][2016-07-19 14:39:30,906][org.mybatis.generator.internal.db.DatabaseIntrospector]Found column "USR_MOBIL", data type 12, in table "ZFCG.USERS"
[DEBUG][2016-07-19 14:39:30,906][org.mybatis.generator.internal.db.DatabaseIntrospector]Found column "USR_EMAIL", data type 12, in table "ZFCG.USERS"
[DEBUG][2016-07-19 14:39:30,907][org.mybatis.generator.internal.db.DatabaseIntrospector]Found column "USR_FAX", data type 12, in table "ZFCG.USERS"
[DEBUG][2016-07-19 14:39:30,907][org.mybatis.generator.internal.db.DatabaseIntrospector]Found column "USR_UNITTEL", data type 12, in table "ZFCG.USERS"
[DEBUG][2016-07-19 14:39:30,908][org.mybatis.generator.internal.db.DatabaseIntrospector]Found column "USR_ADDR", data type 12, in table "ZFCG.USERS"
[DEBUG][2016-07-19 14:39:30,909][org.mybatis.generator.internal.db.DatabaseIntrospector]Found column "USR_ZIP", data type 1, in table "ZFCG.USERS"
[DEBUG][2016-07-19 14:39:30,909][org.mybatis.generator.internal.db.DatabaseIntrospector]Found column "USR_HOMETEL", data type 12, in table "ZFCG.USERS"
[DEBUG][2016-07-19 14:39:30,910][org.mybatis.generator.internal.db.DatabaseIntrospector]Found column "STOP_FLAG", data type 1, in table "ZFCG.USERS"
[DEBUG][2016-07-19 14:39:30,911][org.mybatis.generator.internal.db.DatabaseIntrospector]Found column "ADD_DATE", data type 12, in table "ZFCG.USERS"
[DEBUG][2016-07-19 14:39:30,911][org.mybatis.generator.internal.db.DatabaseIntrospector]Found column "UPD_NOTE", data type 12, in table "ZFCG.USERS"
[DEBUG][2016-07-19 14:39:30,912][org.mybatis.generator.internal.db.DatabaseIntrospector]Found column "USR_REMARK", data type 12, in table "ZFCG.USERS"
[DEBUG][2016-07-19 14:39:30,913][org.mybatis.generator.internal.db.DatabaseIntrospector]Found column "USR_DEPT", data type 12, in table "ZFCG.USERS"
[DEBUG][2016-07-19 14:39:30,914][org.mybatis.generator.internal.db.DatabaseIntrospector]Found column "USR_DUTY", data type 12, in table "ZFCG.USERS"
[DEBUG][2016-07-19 14:39:30,914][org.mybatis.generator.internal.db.DatabaseIntrospector]Found column "AREA_NO", data type 12, in table "ZFCG.USERS"
[DEBUG][2016-07-19 14:39:30,915][org.mybatis.generator.internal.db.DatabaseIntrospector]Found column "CA_ID", data type 12, in table "ZFCG.USERS"
[DEBUG][2016-07-19 14:39:30,916][org.mybatis.generator.internal.db.DatabaseIntrospector]Found column "SESSION_KEY", data type 12, in table "ZFCG.USERS"
[DEBUG][2016-07-19 14:42:16,403][org.mybatis.generator.internal.db.DatabaseIntrospector]Retrieving column information for table "USERS"
[DEBUG][2016-07-19 14:42:16,640][org.mybatis.generator.internal.db.DatabaseIntrospector]Found column "ID", data type 12, in table "JDCG.USERS"
[DEBUG][2016-07-19 14:42:16,641][org.mybatis.generator.internal.db.DatabaseIntrospector]Found column "LOGIN_NAME", data type 12, in table "JDCG.USERS"
[DEBUG][2016-07-19 14:42:16,642][org.mybatis.generator.internal.db.DatabaseIntrospector]Found column "PASSWORD", data type 12, in table "JDCG.USERS"
[DEBUG][2016-07-19 14:42:16,643][org.mybatis.generator.internal.db.DatabaseIntrospector]Found column "IS_DELETE", data type 3, in table "JDCG.USERS"
[DEBUG][2016-07-19 14:42:16,643][org.mybatis.generator.internal.db.DatabaseIntrospector]Found column "CREATE_DATE", data type 91, in table "JDCG.USERS"
[DEBUG][2016-07-19 14:42:16,644][org.mybatis.generator.internal.db.DatabaseIntrospector]Found column "REL_NAME", data type 12, in table "JDCG.USERS"
[DEBUG][2016-07-19 14:42:16,645][org.mybatis.generator.internal.db.DatabaseIntrospector]Found column "UPDAT_DATE", data type 91, in table "JDCG.USERS"
[DEBUG][2016-07-19 14:42:16,645][org.mybatis.generator.internal.db.DatabaseIntrospector]Found column "CREATER", data type 12, in table "JDCG.USERS"
[DEBUG][2016-07-19 14:42:16,646][org.mybatis.generator.internal.db.DatabaseIntrospector]Found column "USR_ID", data type 12, in table "ZFCG.USERS"
[DEBUG][2016-07-19 14:42:16,646][org.mybatis.generator.internal.db.DatabaseIntrospector]Found column "USR_NAME", data type 12, in table "ZFCG.USERS"
[DEBUG][2016-07-19 14:42:16,647][org.mybatis.generator.internal.db.DatabaseIntrospector]Found column "USR_LOGINID", data type 12, in table "ZFCG.USERS"
[DEBUG][2016-07-19 14:42:16,648][org.mybatis.generator.internal.db.DatabaseIntrospector]Found column "USR_PWD", data type 12, in table "ZFCG.USERS"
[DEBUG][2016-07-19 14:42:16,649][org.mybatis.generator.internal.db.DatabaseIntrospector]Found column "USR_TYPE", data type 1, in table "ZFCG.USERS"
[DEBUG][2016-07-19 14:42:16,649][org.mybatis.generator.internal.db.DatabaseIntrospector]Found column "REL_ORG_NO", data type 12, in table "ZFCG.USERS"
[DEBUG][2016-07-19 14:42:16,650][org.mybatis.generator.internal.db.DatabaseIntrospector]Found column "USR_SEX", data type 1, in table "ZFCG.USERS"
[DEBUG][2016-07-19 14:42:16,654][org.mybatis.generator.internal.db.DatabaseIntrospector]Found column "USR_BTHDAY", data type 12, in table "ZFCG.USERS"
[DEBUG][2016-07-19 14:42:16,655][org.mybatis.generator.internal.db.DatabaseIntrospector]Found column "USR_NAT", data type 12, in table "ZFCG.USERS"
[DEBUG][2016-07-19 14:42:16,656][org.mybatis.generator.internal.db.DatabaseIntrospector]Found column "USR_PLC", data type 12, in table "ZFCG.USERS"
[DEBUG][2016-07-19 14:42:16,657][org.mybatis.generator.internal.db.DatabaseIntrospector]Found column "USR_CLT", data type 12, in table "ZFCG.USERS"
[DEBUG][2016-07-19 14:42:16,658][org.mybatis.generator.internal.db.DatabaseIntrospector]Found column "USR_CARD", data type 12, in table "ZFCG.USERS"
[DEBUG][2016-07-19 14:42:16,659][org.mybatis.generator.internal.db.DatabaseIntrospector]Found column "USR_MOBIL", data type 12, in table "ZFCG.USERS"
[DEBUG][2016-07-19 14:42:16,660][org.mybatis.generator.internal.db.DatabaseIntrospector]Found column "USR_EMAIL", data type 12, in table "ZFCG.USERS"
[DEBUG][2016-07-19 14:42:16,661][org.mybatis.generator.internal.db.DatabaseIntrospector]Found column "USR_FAX", data type 12, in table "ZFCG.USERS"
[DEBUG][2016-07-19 14:42:16,661][org.mybatis.generator.internal.db.DatabaseIntrospector]Found column "USR_UNITTEL", data type 12, in table "ZFCG.USERS"
[DEBUG][2016-07-19 14:42:16,662][org.mybatis.generator.internal.db.DatabaseIntrospector]Found column "USR_ADDR", data type 12, in table "ZFCG.USERS"
[DEBUG][2016-07-19 14:42:16,663][org.mybatis.generator.internal.db.DatabaseIntrospector]Found column "USR_ZIP", data type 1, in table "ZFCG.USERS"
[DEBUG][2016-07-19 14:42:16,664][org.mybatis.generator.internal.db.DatabaseIntrospector]Found column "USR_HOMETEL", data type 12, in table "ZFCG.USERS"
[DEBUG][2016-07-19 14:42:16,664][org.mybatis.generator.internal.db.DatabaseIntrospector]Found column "STOP_FLAG", data type 1, in table "ZFCG.USERS"
[DEBUG][2016-07-19 14:42:16,665][org.mybatis.generator.internal.db.DatabaseIntrospector]Found column "ADD_DATE", data type 12, in table "ZFCG.USERS"
[DEBUG][2016-07-19 14:42:16,666][org.mybatis.generator.internal.db.DatabaseIntrospector]Found column "UPD_NOTE", data type 12, in table "ZFCG.USERS"
[DEBUG][2016-07-19 14:42:16,667][org.mybatis.generator.internal.db.DatabaseIntrospector]Found column "USR_REMARK", data type 12, in table "ZFCG.USERS"
[DEBUG][2016-07-19 14:42:16,667][org.mybatis.generator.internal.db.DatabaseIntrospector]Found column "USR_DEPT", data type 12, in table "ZFCG.USERS"
[DEBUG][2016-07-19 14:42:16,668][org.mybatis.generator.internal.db.DatabaseIntrospector]Found column "USR_DUTY", data type 12, in table "ZFCG.USERS"
[DEBUG][2016-07-19 14:42:16,669][org.mybatis.generator.internal.db.DatabaseIntrospector]Found column "AREA_NO", data type 12, in table "ZFCG.USERS"
[DEBUG][2016-07-19 14:42:16,669][org.mybatis.generator.internal.db.DatabaseIntrospector]Found column "CA_ID", data type 12, in table "ZFCG.USERS"
[DEBUG][2016-07-19 14:42:16,670][org.mybatis.generator.internal.db.DatabaseIntrospector]Found column "SESSION_KEY", data type 12, in table "ZFCG.USERS"
[DEBUG][2016-07-19 14:44:10,084][org.mybatis.generator.internal.db.DatabaseIntrospector]Retrieving column information for table "USERS"
[DEBUG][2016-07-19 14:44:10,276][org.mybatis.generator.internal.db.DatabaseIntrospector]Found column "ID", data type 12, in table "JDCG.USERS"
[DEBUG][2016-07-19 14:44:10,277][org.mybatis.generator.internal.db.DatabaseIntrospector]Found column "LOGIN_NAME", data type 12, in table "JDCG.USERS"
[DEBUG][2016-07-19 14:44:10,278][org.mybatis.generator.internal.db.DatabaseIntrospector]Found column "PASSWORD", data type 12, in table "JDCG.USERS"
[DEBUG][2016-07-19 14:44:10,279][org.mybatis.generator.internal.db.DatabaseIntrospector]Found column "IS_DELETE", data type 3, in table "JDCG.USERS"
[DEBUG][2016-07-19 14:44:10,279][org.mybatis.generator.internal.db.DatabaseIntrospector]Found column "CREATE_DATE", data type 91, in table "JDCG.USERS"
[DEBUG][2016-07-19 14:44:10,280][org.mybatis.generator.internal.db.DatabaseIntrospector]Found column "REL_NAME", data type 12, in table "JDCG.USERS"
[DEBUG][2016-07-19 14:44:10,281][org.mybatis.generator.internal.db.DatabaseIntrospector]Found column "UPDAT_DATE", data type 91, in table "JDCG.USERS"
[DEBUG][2016-07-19 14:44:10,281][org.mybatis.generator.internal.db.DatabaseIntrospector]Found column "CREATER", data type 12, in table "JDCG.USERS"
[DEBUG][2016-07-19 14:44:10,282][org.mybatis.generator.internal.db.DatabaseIntrospector]Found column "USR_ID", data type 12, in table "ZFCG.USERS"
[DEBUG][2016-07-19 14:44:10,283][org.mybatis.generator.internal.db.DatabaseIntrospector]Found column "USR_NAME", data type 12, in table "ZFCG.USERS"
[DEBUG][2016-07-19 14:44:10,283][org.mybatis.generator.internal.db.DatabaseIntrospector]Found column "USR_LOGINID", data type 12, in table "ZFCG.USERS"
[DEBUG][2016-07-19 14:44:10,284][org.mybatis.generator.internal.db.DatabaseIntrospector]Found column "USR_PWD", data type 12, in table "ZFCG.USERS"
[DEBUG][2016-07-19 14:44:10,285][org.mybatis.generator.internal.db.DatabaseIntrospector]Found column "USR_TYPE", data type 1, in table "ZFCG.USERS"
[DEBUG][2016-07-19 14:44:10,286][org.mybatis.generator.internal.db.DatabaseIntrospector]Found column "REL_ORG_NO", data type 12, in table "ZFCG.USERS"
[DEBUG][2016-07-19 14:44:10,287][org.mybatis.generator.internal.db.DatabaseIntrospector]Found column "USR_SEX", data type 1, in table "ZFCG.USERS"
[DEBUG][2016-07-19 14:44:10,290][org.mybatis.generator.internal.db.DatabaseIntrospector]Found column "USR_BTHDAY", data type 12, in table "ZFCG.USERS"
[DEBUG][2016-07-19 14:44:10,291][org.mybatis.generator.internal.db.DatabaseIntrospector]Found column "USR_NAT", data type 12, in table "ZFCG.USERS"
[DEBUG][2016-07-19 14:44:10,292][org.mybatis.generator.internal.db.DatabaseIntrospector]Found column "USR_PLC", data type 12, in table "ZFCG.USERS"
[DEBUG][2016-07-19 14:44:10,293][org.mybatis.generator.internal.db.DatabaseIntrospector]Found column "USR_CLT", data type 12, in table "ZFCG.USERS"
[DEBUG][2016-07-19 14:44:10,294][org.mybatis.generator.internal.db.DatabaseIntrospector]Found column "USR_CARD", data type 12, in table "ZFCG.USERS"
[DEBUG][2016-07-19 14:44:10,295][org.mybatis.generator.internal.db.DatabaseIntrospector]Found column "USR_MOBIL", data type 12, in table "ZFCG.USERS"
[DEBUG][2016-07-19 14:44:10,296][org.mybatis.generator.internal.db.DatabaseIntrospector]Found column "USR_EMAIL", data type 12, in table "ZFCG.USERS"
[DEBUG][2016-07-19 14:44:10,296][org.mybatis.generator.internal.db.DatabaseIntrospector]Found column "USR_FAX", data type 12, in table "ZFCG.USERS"
[DEBUG][2016-07-19 14:44:10,297][org.mybatis.generator.internal.db.DatabaseIntrospector]Found column "USR_UNITTEL", data type 12, in table "ZFCG.USERS"
[DEBUG][2016-07-19 14:44:10,297][org.mybatis.generator.internal.db.DatabaseIntrospector]Found column "USR_ADDR", data type 12, in table "ZFCG.USERS"
[DEBUG][2016-07-19 14:44:10,298][org.mybatis.generator.internal.db.DatabaseIntrospector]Found column "USR_ZIP", data type 1, in table "ZFCG.USERS"
[DEBUG][2016-07-19 14:44:10,299][org.mybatis.generator.internal.db.DatabaseIntrospector]Found column "USR_HOMETEL", data type 12, in table "ZFCG.USERS"
[DEBUG][2016-07-19 14:44:10,299][org.mybatis.generator.internal.db.DatabaseIntrospector]Found column "STOP_FLAG", data type 1, in table "ZFCG.USERS"
[DEBUG][2016-07-19 14:44:10,300][org.mybatis.generator.internal.db.DatabaseIntrospector]Found column "ADD_DATE", data type 12, in table "ZFCG.USERS"
[DEBUG][2016-07-19 14:44:10,301][org.mybatis.generator.internal.db.DatabaseIntrospector]Found column "UPD_NOTE", data type 12, in table "ZFCG.USERS"
[DEBUG][2016-07-19 14:44:10,301][org.mybatis.generator.internal.db.DatabaseIntrospector]Found column "USR_REMARK", data type 12, in table "ZFCG.USERS"
[DEBUG][2016-07-19 14:44:10,302][org.mybatis.generator.internal.db.DatabaseIntrospector]Found column "USR_DEPT", data type 12, in table "ZFCG.USERS"
[DEBUG][2016-07-19 14:44:10,303][org.mybatis.generator.internal.db.DatabaseIntrospector]Found column "USR_DUTY", data type 12, in table "ZFCG.USERS"
[DEBUG][2016-07-19 14:44:10,304][org.mybatis.generator.internal.db.DatabaseIntrospector]Found column "AREA_NO", data type 12, in table "ZFCG.USERS"
[DEBUG][2016-07-19 14:44:10,305][org.mybatis.generator.internal.db.DatabaseIntrospector]Found column "CA_ID", data type 12, in table "ZFCG.USERS"
[DEBUG][2016-07-19 14:44:10,305][org.mybatis.generator.internal.db.DatabaseIntrospector]Found column "SESSION_KEY", data type 12, in table "ZFCG.USERS"
[DEBUG][2016-07-19 15:19:22,493][org.mybatis.generator.internal.db.DatabaseIntrospector]Retrieving column information for table "USER"
[DEBUG][2016-07-19 15:19:22,678][org.mybatis.generator.internal.db.DatabaseIntrospector]Found column "ID", data type 12, in table "JDCG.USER"
[DEBUG][2016-07-19 15:19:22,679][org.mybatis.generator.internal.db.DatabaseIntrospector]Found column "LOGIN_NAME", data type 12, in table "JDCG.USER"
[DEBUG][2016-07-19 15:19:22,679][org.mybatis.generator.internal.db.DatabaseIntrospector]Found column "PASSWORD", data type 12, in table "JDCG.USER"
[DEBUG][2016-07-19 15:19:22,680][org.mybatis.generator.internal.db.DatabaseIntrospector]Found column "IS_DELETE", data type 3, in table "JDCG.USER"
[DEBUG][2016-07-19 15:19:22,681][org.mybatis.generator.internal.db.DatabaseIntrospector]Found column "CREATE_DATE", data type 91, in table "JDCG.USER"
[DEBUG][2016-07-19 15:19:22,681][org.mybatis.generator.internal.db.DatabaseIntrospector]Found column "REL_NAME", data type 12, in table "JDCG.USER"
[DEBUG][2016-07-19 15:19:22,682][org.mybatis.generator.internal.db.DatabaseIntrospector]Found column "UPDAT_DATE", data type 91, in table "JDCG.USER"
[DEBUG][2016-07-19 15:19:22,683][org.mybatis.generator.internal.db.DatabaseIntrospector]Found column "CREATER", data type 12, in table "JDCG.USER"
[DEBUG][2016-07-19 15:20:19,591][org.mybatis.generator.internal.db.DatabaseIntrospector]Retrieving column information for table "USER"
[DEBUG][2016-07-19 15:20:19,788][org.mybatis.generator.internal.db.DatabaseIntrospector]Found column "ID", data type 12, in table "JDCG.USER"
[DEBUG][2016-07-19 15:20:19,789][org.mybatis.generator.internal.db.DatabaseIntrospector]Found column "LOGIN_NAME", data type 12, in table "JDCG.USER"
[DEBUG][2016-07-19 15:20:19,789][org.mybatis.generator.internal.db.DatabaseIntrospector]Found column "PASSWORD", data type 12, in table "JDCG.USER"
[DEBUG][2016-07-19 15:20:19,790][org.mybatis.generator.internal.db.DatabaseIntrospector]Found column "IS_DELETE", data type 3, in table "JDCG.USER"
[DEBUG][2016-07-19 15:20:19,791][org.mybatis.generator.internal.db.DatabaseIntrospector]Found column "CREATE_DATE", data type 91, in table "JDCG.USER"
[DEBUG][2016-07-19 15:20:19,791][org.mybatis.generator.internal.db.DatabaseIntrospector]Found column "REL_NAME", data type 12, in table "JDCG.USER"
[DEBUG][2016-07-19 15:20:19,792][org.mybatis.generator.internal.db.DatabaseIntrospector]Found column "UPDAT_DATE", data type 91, in table "JDCG.USER"
[DEBUG][2016-07-19 15:20:19,793][org.mybatis.generator.internal.db.DatabaseIntrospector]Found column "CREATER", data type 12, in table "JDCG.USER"
[DEBUG][2016-07-19 15:21:17,812][org.mybatis.generator.internal.db.DatabaseIntrospector]Retrieving column information for table "USERS"
[DEBUG][2016-07-19 15:21:17,997][org.mybatis.generator.internal.db.DatabaseIntrospector]Found column "ID", data type 12, in table "JDCG.USERS"
[DEBUG][2016-07-19 15:21:17,998][org.mybatis.generator.internal.db.DatabaseIntrospector]Found column "LOGIN_NAME", data type 12, in table "JDCG.USERS"
[DEBUG][2016-07-19 15:21:17,999][org.mybatis.generator.internal.db.DatabaseIntrospector]Found column "PASSWORD", data type 12, in table "JDCG.USERS"
[DEBUG][2016-07-19 15:21:17,999][org.mybatis.generator.internal.db.DatabaseIntrospector]Found column "IS_DELETE", data type 3, in table "JDCG.USERS"
[DEBUG][2016-07-19 15:21:18,000][org.mybatis.generator.internal.db.DatabaseIntrospector]Found column "CREATE_DATE", data type 91, in table "JDCG.USERS"
[DEBUG][2016-07-19 15:21:18,001][org.mybatis.generator.internal.db.DatabaseIntrospector]Found column "REL_NAME", data type 12, in table "JDCG.USERS"
[DEBUG][2016-07-19 15:21:18,002][org.mybatis.generator.internal.db.DatabaseIntrospector]Found column "UPDAT_DATE", data type 91, in table "JDCG.USERS"
[DEBUG][2016-07-19 15:21:18,002][org.mybatis.generator.internal.db.DatabaseIntrospector]Found column "CREATER", data type 12, in table "JDCG.USERS"
[DEBUG][2016-07-19 15:21:18,003][org.mybatis.generator.internal.db.DatabaseIntrospector]Found column "USR_ID", data type 12, in table "ZFCG.USERS"
[DEBUG][2016-07-19 15:21:18,004][org.mybatis.generator.internal.db.DatabaseIntrospector]Found column "USR_NAME", data type 12, in table "ZFCG.USERS"
[DEBUG][2016-07-19 15:21:18,005][org.mybatis.generator.internal.db.DatabaseIntrospector]Found column "USR_LOGINID", data type 12, in table "ZFCG.USERS"
[DEBUG][2016-07-19 15:21:18,005][org.mybatis.generator.internal.db.DatabaseIntrospector]Found column "USR_PWD", data type 12, in table "ZFCG.USERS"
[DEBUG][2016-07-19 15:21:18,006][org.mybatis.generator.internal.db.DatabaseIntrospector]Found column "USR_TYPE", data type 1, in table "ZFCG.USERS"
[DEBUG][2016-07-19 15:21:18,007][org.mybatis.generator.internal.db.DatabaseIntrospector]Found column "REL_ORG_NO", data type 12, in table "ZFCG.USERS"
[DEBUG][2016-07-19 15:21:18,007][org.mybatis.generator.internal.db.DatabaseIntrospector]Found column "USR_SEX", data type 1, in table "ZFCG.USERS"
[DEBUG][2016-07-19 15:21:18,011][org.mybatis.generator.internal.db.DatabaseIntrospector]Found column "USR_BTHDAY", data type 12, in table "ZFCG.USERS"
[DEBUG][2016-07-19 15:21:18,012][org.mybatis.generator.internal.db.DatabaseIntrospector]Found column "USR_NAT", data type 12, in table "ZFCG.USERS"
[DEBUG][2016-07-19 15:21:18,013][org.mybatis.generator.internal.db.DatabaseIntrospector]Found column "USR_PLC", data type 12, in table "ZFCG.USERS"
[DEBUG][2016-07-19 15:21:18,013][org.mybatis.generator.internal.db.DatabaseIntrospector]Found column "USR_CLT", data type 12, in table "ZFCG.USERS"
[DEBUG][2016-07-19 15:21:18,014][org.mybatis.generator.internal.db.DatabaseIntrospector]Found column "USR_CARD", data type 12, in table "ZFCG.USERS"
[DEBUG][2016-07-19 15:21:18,015][org.mybatis.generator.internal.db.DatabaseIntrospector]Found column "USR_MOBIL", data type 12, in table "ZFCG.USERS"
[DEBUG][2016-07-19 15:21:18,015][org.mybatis.generator.internal.db.DatabaseIntrospector]Found column "USR_EMAIL", data type 12, in table "ZFCG.USERS"
[DEBUG][2016-07-19 15:21:18,016][org.mybatis.generator.internal.db.DatabaseIntrospector]Found column "USR_FAX", data type 12, in table "ZFCG.USERS"
[DEBUG][2016-07-19 15:21:18,017][org.mybatis.generator.internal.db.DatabaseIntrospector]Found column "USR_UNITTEL", data type 12, in table "ZFCG.USERS"
[DEBUG][2016-07-19 15:21:18,017][org.mybatis.generator.internal.db.DatabaseIntrospector]Found column "USR_ADDR", data type 12, in table "ZFCG.USERS"
[DEBUG][2016-07-19 15:21:18,018][org.mybatis.generator.internal.db.DatabaseIntrospector]Found column "USR_ZIP", data type 1, in table "ZFCG.USERS"
[DEBUG][2016-07-19 15:21:18,019][org.mybatis.generator.internal.db.DatabaseIntrospector]Found column "USR_HOMETEL", data type 12, in table "ZFCG.USERS"
[DEBUG][2016-07-19 15:21:18,020][org.mybatis.generator.internal.db.DatabaseIntrospector]Found column "STOP_FLAG", data type 1, in table "ZFCG.USERS"
[DEBUG][2016-07-19 15:21:18,020][org.mybatis.generator.internal.db.DatabaseIntrospector]Found column "ADD_DATE", data type 12, in table "ZFCG.USERS"
[DEBUG][2016-07-19 15:21:18,021][org.mybatis.generator.internal.db.DatabaseIntrospector]Found column "UPD_NOTE", data type 12, in table "ZFCG.USERS"
[DEBUG][2016-07-19 15:21:18,022][org.mybatis.generator.internal.db.DatabaseIntrospector]Found column "USR_REMARK", data type 12, in table "ZFCG.USERS"
[DEBUG][2016-07-19 15:21:18,023][org.mybatis.generator.internal.db.DatabaseIntrospector]Found column "USR_DEPT", data type 12, in table "ZFCG.USERS"
[DEBUG][2016-07-19 15:21:18,024][org.mybatis.generator.internal.db.DatabaseIntrospector]Found column "USR_DUTY", data type 12, in table "ZFCG.USERS"
[DEBUG][2016-07-19 15:21:18,025][org.mybatis.generator.internal.db.DatabaseIntrospector]Found column "AREA_NO", data type 12, in table "ZFCG.USERS"
[DEBUG][2016-07-19 15:21:18,025][org.mybatis.generator.internal.db.DatabaseIntrospector]Found column "CA_ID", data type 12, in table "ZFCG.USERS"
[DEBUG][2016-07-19 15:21:18,026][org.mybatis.generator.internal.db.DatabaseIntrospector]Found column "SESSION_KEY", data type 12, in table "ZFCG.USERS"
[DEBUG][2016-07-19 15:26:34,908][org.mybatis.generator.internal.db.DatabaseIntrospector]Retrieving column information for table "USER"
[DEBUG][2016-07-19 15:27:26,184][org.mybatis.generator.internal.db.DatabaseIntrospector]Retrieving column information for table "USER"
[DEBUG][2016-07-19 15:27:57,807][org.mybatis.generator.internal.db.DatabaseIntrospector]Retrieving column information for table "USER"
[DEBUG][2016-07-19 15:27:57,995][org.mybatis.generator.internal.db.DatabaseIntrospector]Found column "ID", data type 12, in table "JDCG.USER"
[DEBUG][2016-07-19 15:27:57,996][org.mybatis.generator.internal.db.DatabaseIntrospector]Found column "LOGIN_NAME", data type 12, in table "JDCG.USER"
[DEBUG][2016-07-19 15:27:57,997][org.mybatis.generator.internal.db.DatabaseIntrospector]Found column "PASSWORD", data type 12, in table "JDCG.USER"
[DEBUG][2016-07-19 15:27:57,997][org.mybatis.generator.internal.db.DatabaseIntrospector]Found column "IS_DELETE", data type 3, in table "JDCG.USER"
[DEBUG][2016-07-19 15:27:57,998][org.mybatis.generator.internal.db.DatabaseIntrospector]Found column "CREATE_DATE", data type 91, in table "JDCG.USER"
[DEBUG][2016-07-19 15:27:57,999][org.mybatis.generator.internal.db.DatabaseIntrospector]Found column "REL_NAME", data type 12, in table "JDCG.USER"
[DEBUG][2016-07-19 15:27:57,999][org.mybatis.generator.internal.db.DatabaseIntrospector]Found column "UPDAT_DATE", data type 91, in table "JDCG.USER"
[DEBUG][2016-07-19 15:27:58,000][org.mybatis.generator.internal.db.DatabaseIntrospector]Found column "CREATER", data type 12, in table "JDCG.USER"
[DEBUG][2016-07-19 15:32:05,013][org.mybatis.generator.internal.db.DatabaseIntrospector]Retrieving column information for table "USER"
[DEBUG][2016-07-19 15:32:05,193][org.mybatis.generator.internal.db.DatabaseIntrospector]Found column "ID", data type 12, in table "JDCG.USER"
[DEBUG][2016-07-19 15:32:05,194][org.mybatis.generator.internal.db.DatabaseIntrospector]Found column "LOGIN_NAME", data type 12, in table "JDCG.USER"
[DEBUG][2016-07-19 15:32:05,195][org.mybatis.generator.internal.db.DatabaseIntrospector]Found column "PASSWORD", data type 12, in table "JDCG.USER"
[DEBUG][2016-07-19 15:32:05,196][org.mybatis.generator.internal.db.DatabaseIntrospector]Found column "IS_DELETE", data type 3, in table "JDCG.USER"
[DEBUG][2016-07-19 15:32:05,197][org.mybatis.generator.internal.db.DatabaseIntrospector]Found column "CREATE_DATE", data type 91, in table "JDCG.USER"
[DEBUG][2016-07-19 15:32:05,197][org.mybatis.generator.internal.db.DatabaseIntrospector]Found column "REL_NAME", data type 12, in table "JDCG.USER"
[DEBUG][2016-07-19 15:32:05,198][org.mybatis.generator.internal.db.DatabaseIntrospector]Found column "UPDAT_DATE", data type 91, in table "JDCG.USER"
[DEBUG][2016-07-19 15:32:05,199][org.mybatis.generator.internal.db.DatabaseIntrospector]Found column "CREATER", data type 12, in table "JDCG.USER"
[DEBUG][2016-07-21 13:49:54,222][org.mybatis.generator.internal.db.DatabaseIntrospector]Retrieving column information for table "ROLE"
[DEBUG][2016-07-21 13:49:54,501][org.mybatis.generator.internal.db.DatabaseIntrospector]Found column "id", data type 3, in table "JDCG.ROLE"
[DEBUG][2016-07-21 13:49:54,502][org.mybatis.generator.internal.db.DatabaseIntrospector]Found column "name", data type 12, in table "JDCG.ROLE"
[DEBUG][2016-07-21 13:49:54,503][org.mybatis.generator.internal.db.DatabaseIntrospector]Found column "description", data type 12, in table "JDCG.ROLE"
[DEBUG][2016-07-21 13:49:54,504][org.mybatis.generator.internal.db.DatabaseIntrospector]Found column "created_at", data type 91, in table "JDCG.ROLE"
[DEBUG][2016-07-21 14:07:27,970][org.mybatis.generator.internal.db.DatabaseIntrospector]Retrieving column information for table "ROLE"
[DEBUG][2016-07-21 14:07:28,126][org.mybatis.generator.internal.db.DatabaseIntrospector]Found column "id", data type 3, in table "JDCG.ROLE"
[DEBUG][2016-07-21 14:07:28,127][org.mybatis.generator.internal.db.DatabaseIntrospector]Found column "name", data type 12, in table "JDCG.ROLE"
[DEBUG][2016-07-21 14:07:28,128][org.mybatis.generator.internal.db.DatabaseIntrospector]Found column "description", data type 12, in table "JDCG.ROLE"
[DEBUG][2016-07-21 14:07:28,129][org.mybatis.generator.internal.db.DatabaseIntrospector]Found column "created_at", data type 91, in table "JDCG.ROLE"
[DEBUG][2016-07-21 14:56:42,133][org.mybatis.generator.internal.db.DatabaseIntrospector]Retrieving column information for table "MENU"
[DEBUG][2016-07-21 14:56:42,269][org.mybatis.generator.internal.db.DatabaseIntrospector]Found column "ID", data type 3, in table "JDCG.MENU"
[DEBUG][2016-07-21 14:56:42,270][org.mybatis.generator.internal.db.DatabaseIntrospector]Found column "name", data type 12, in table "JDCG.MENU"
[DEBUG][2016-07-27 10:21:04,474][org.mybatis.generator.internal.db.DatabaseIntrospector]Retrieving column information for table "USERS"
[DEBUG][2016-07-27 10:21:04,675][org.mybatis.generator.internal.db.DatabaseIntrospector]Found column "ID", data type 3, in table "JDCG.USERS"
[DEBUG][2016-07-27 10:21:04,676][org.mybatis.generator.internal.db.DatabaseIntrospector]Found column "LOGIN_NAME", data type 12, in table "JDCG.USERS"
[DEBUG][2016-07-27 10:21:04,676][org.mybatis.generator.internal.db.DatabaseIntrospector]Found column "PASSWORD", data type 12, in table "JDCG.USERS"
[DEBUG][2016-07-27 10:21:04,677][org.mybatis.generator.internal.db.DatabaseIntrospector]Found column "CREATED_AT", data type 91, in table "JDCG.USERS"
[DEBUG][2016-07-27 10:21:04,678][org.mybatis.generator.internal.db.DatabaseIntrospector]Found column "IS_DELETED", data type 3, in table "JDCG.USERS"
[DEBUG][2016-07-27 10:21:04,679][org.mybatis.generator.internal.db.DatabaseIntrospector]Found column "REL_NAME", data type 12, in table "JDCG.USERS"
[DEBUG][2016-07-27 10:21:04,679][org.mybatis.generator.internal.db.DatabaseIntrospector]Found column "UPDATED_AT", data type 91, in table "JDCG.USERS"
[DEBUG][2016-07-27 10:21:04,680][org.mybatis.generator.internal.db.DatabaseIntrospector]Found column "CREATER", data type 3, in table "JDCG.USERS"
[DEBUG][2016-07-27 10:21:04,681][org.mybatis.generator.internal.db.DatabaseIntrospector]Found column "USR_ID", data type 12, in table "ZFCG.USERS"
[DEBUG][2016-07-27 10:21:04,681][org.mybatis.generator.internal.db.DatabaseIntrospector]Found column "USR_NAME", data type 12, in table "ZFCG.USERS"
[DEBUG][2016-07-27 10:21:04,682][org.mybatis.generator.internal.db.DatabaseIntrospector]Found column "USR_LOGINID", data type 12, in table "ZFCG.USERS"
[DEBUG][2016-07-27 10:21:04,683][org.mybatis.generator.internal.db.DatabaseIntrospector]Found column "USR_PWD", data type 12, in table "ZFCG.USERS"
[DEBUG][2016-07-27 10:21:04,683][org.mybatis.generator.internal.db.DatabaseIntrospector]Found column "USR_TYPE", data type 1, in table "ZFCG.USERS"
[DEBUG][2016-07-27 10:21:04,684][org.mybatis.generator.internal.db.DatabaseIntrospector]Found column "REL_ORG_NO", data type 12, in table "ZFCG.USERS"
[DEBUG][2016-07-27 10:21:04,685][org.mybatis.generator.internal.db.DatabaseIntrospector]Found column "USR_SEX", data type 1, in table "ZFCG.USERS"
[DEBUG][2016-07-27 10:21:04,687][org.mybatis.generator.internal.db.DatabaseIntrospector]Found column "USR_BTHDAY", data type 12, in table "ZFCG.USERS"
[DEBUG][2016-07-27 10:21:04,688][org.mybatis.generator.internal.db.DatabaseIntrospector]Found column "USR_NAT", data type 12, in table "ZFCG.USERS"
[DEBUG][2016-07-27 10:21:04,689][org.mybatis.generator.internal.db.DatabaseIntrospector]Found column "USR_PLC", data type 12, in table "ZFCG.USERS"
[DEBUG][2016-07-27 10:21:04,689][org.mybatis.generator.internal.db.DatabaseIntrospector]Found column "USR_CLT", data type 12, in table "ZFCG.USERS"
[DEBUG][2016-07-27 10:21:04,690][org.mybatis.generator.internal.db.DatabaseIntrospector]Found column "USR_CARD", data type 12, in table "ZFCG.USERS"
[DEBUG][2016-07-27 10:21:04,691][org.mybatis.generator.internal.db.DatabaseIntrospector]Found column "USR_MOBIL", data type 12, in table "ZFCG.USERS"
[DEBUG][2016-07-27 10:21:04,691][org.mybatis.generator.internal.db.DatabaseIntrospector]Found column "USR_EMAIL", data type 12, in table "ZFCG.USERS"
[DEBUG][2016-07-27 10:21:04,692][org.mybatis.generator.internal.db.DatabaseIntrospector]Found column "USR_FAX", data type 12, in table "ZFCG.USERS"
[DEBUG][2016-07-27 10:21:04,693][org.mybatis.generator.internal.db.DatabaseIntrospector]Found column "USR_UNITTEL", data type 12, in table "ZFCG.USERS"
[DEBUG][2016-07-27 10:21:04,693][org.mybatis.generator.internal.db.DatabaseIntrospector]Found column "USR_ADDR", data type 12, in table "ZFCG.USERS"
[DEBUG][2016-07-27 10:21:04,694][org.mybatis.generator.internal.db.DatabaseIntrospector]Found column "USR_ZIP", data type 1, in table "ZFCG.USERS"
[DEBUG][2016-07-27 10:21:04,695][org.mybatis.generator.internal.db.DatabaseIntrospector]Found column "USR_HOMETEL", data type 12, in table "ZFCG.USERS"
[DEBUG][2016-07-27 10:21:04,695][org.mybatis.generator.internal.db.DatabaseIntrospector]Found column "STOP_FLAG", data type 1, in table "ZFCG.USERS"
[DEBUG][2016-07-27 10:21:04,696][org.mybatis.generator.internal.db.DatabaseIntrospector]Found column "ADD_DATE", data type 12, in table "ZFCG.USERS"
[DEBUG][2016-07-27 10:21:04,697][org.mybatis.generator.internal.db.DatabaseIntrospector]Found column "UPD_NOTE", data type 12, in table "ZFCG.USERS"
[DEBUG][2016-07-27 10:21:04,697][org.mybatis.generator.internal.db.DatabaseIntrospector]Found column "USR_REMARK", data type 12, in table "ZFCG.USERS"
[DEBUG][2016-07-27 10:21:04,698][org.mybatis.generator.internal.db.DatabaseIntrospector]Found column "USR_DEPT", data type 12, in table "ZFCG.USERS"
[DEBUG][2016-07-27 10:21:04,699][org.mybatis.generator.internal.db.DatabaseIntrospector]Found column "USR_DUTY", data type 12, in table "ZFCG.USERS"
[DEBUG][2016-07-27 10:21:04,699][org.mybatis.generator.internal.db.DatabaseIntrospector]Found column "AREA_NO", data type 12, in table "ZFCG.USERS"
[DEBUG][2016-07-27 10:21:04,700][org.mybatis.generator.internal.db.DatabaseIntrospector]Found column "CA_ID", data type 12, in table "ZFCG.USERS"
[DEBUG][2016-07-27 10:21:04,701][org.mybatis.generator.internal.db.DatabaseIntrospector]Found column "SESSION_KEY", data type 12, in table "ZFCG.USERS"
